<?xml version="1.0" encoding="UTF-8"?>
<!-- Generated by org.testng.reporters.JUnitReportReporter -->
<testsuite hostname="DESKTOP-SP2QKL0" failures="0" tests="1" name="Myselenium.Config_AnnotationsTest" time="0.009" errors="0" timestamp="2024-11-02T18:54:39 IST" skipped="0">
  <testcase classname="Myselenium.Config_AnnotationsTest" name="Test1" time="0.009"/>
</testsuite> <!-- Myselenium.Config_AnnotationsTest -->
